<?xml version="1.0" encoding="UTF-8"?>
<!-- Generated by org.testng.reporters.JUnitReportReporter -->
<testsuite hostname="LIN41006109" failures="0" tests="1" name="tests.BestBuyAPITesting" time="1.872" errors="0" timestamp="2022-07-08T15:33:26 IST" skipped="0">
  <testcase classname="tests.BestBuyAPITesting" name="getRequestWithQueryparam" time="1.872"/>
  <system-out/>
</testsuite> <!-- tests.BestBuyAPITesting -->
